# JRE version: Java(TM) SE Runtime Environment (8.0_72-b15) (build 1.8.0_72-b15)
# Java VM: Java HotSpot(TM) 64-Bit Server VM (25.72-b15 mixed mode linux-amd64 compressed oops)
Heap:
 PSYoungGen      total 88064K, used 88046K [0x00000000ebd80000, 0x00000000f6000000, 0x0000000100000000)
  eden space 50688K, 100% used [0x00000000ebd80000,0x00000000eef00000,0x00000000eef00000)
  from space 37376K, 99% used [0x00000000eef00000,0x00000000f137ba28,0x00000000f1380000)
  to   space 49664K, 31% used [0x00000000f2f80000,0x00000000f3ee3a08,0x00000000f6000000)
 ParOldGen       total 144896K, used 91246K [0x00000000c3800000, 0x00000000cc580000, 0x00000000ebd80000)
  object space 144896K, 62% used [0x00000000c3800000,0x00000000c911b8f0,0x00000000cc580000)
 Metaspace       used 6862K, capacity 7044K, committed 7296K, reserved 1056768K
  class space    used 745K, capacity 782K, committed 896K, reserved 1048576K
GC Heap History (10 events):
Event: 0.947 GC heap before
{Heap before GC invocations=5 (full 1):
 PSYoungGen      total 34304K, used 31744K [0x00000000ebd80000, 0x00000000f0080000, 0x0000000100000000)
  eden space 31744K, 100% used [0x00000000ebd80000,0x00000000edc80000,0x00000000edc80000)
  from space 2560K, 0% used [0x00000000edc80000,0x00000000edc80000,0x00000000edf00000)
  to   space 2560K, 0% used [0x00000000efe00000,0x00000000efe00000,0x00000000f0080000)
 ParOldGen       total 84992K, used 37672K [0x00000000c3800000, 0x00000000c8b00000, 0x00000000ebd80000)
  object space 84992K, 44% used [0x00000000c3800000,0x00000000c5cca3f0,0x00000000c8b00000)
 Metaspace       used 5224K, capacity 5634K, committed 5760K, reserved 1056768K
  class space    used 589K, capacity 619K, committed 640K, reserved 1048576K
Event: 0.988 GC heap after
Heap after GC invocations=5 (full 1):
 PSYoungGen      total 44544K, used 2560K [0x00000000ebd80000, 0x00000000f0080000, 0x0000000100000000)
  eden space 41984K, 0% used [0x00000000ebd80000,0x00000000ebd80000,0x00000000ee680000)
  from space 2560K, 100% used [0x00000000efe00000,0x00000000f0080000,0x00000000f0080000)
  to   space 2560K, 0% used [0x00000000efb80000,0x00000000efb80000,0x00000000efe00000)
 ParOldGen       total 84992K, used 52313K [0x00000000c3800000, 0x00000000c8b00000, 0x00000000ebd80000)
  object space 84992K, 61% used [0x00000000c3800000,0x00000000c6b16420,0x00000000c8b00000)
 Metaspace       used 5224K, capacity 5634K, committed 5760K, reserved 1056768K
  class space    used 589K, capacity 619K, committed 640K, reserved 1048576K
}
Event: 1.057 GC heap before
{Heap before GC invocations=6 (full 1):
 PSYoungGen      total 44544K, used 44544K [0x00000000ebd80000, 0x00000000f0080000, 0x0000000100000000)
  eden space 41984K, 100% used [0x00000000ebd80000,0x00000000ee680000,0x00000000ee680000)
  from space 2560K, 100% used [0x00000000efe00000,0x00000000f0080000,0x00000000f0080000)
  to   space 2560K, 0% used [0x00000000efb80000,0x00000000efb80000,0x00000000efe00000)
 ParOldGen       total 84992K, used 52313K [0x00000000c3800000, 0x00000000c8b00000, 0x00000000ebd80000)
  object space 84992K, 61% used [0x00000000c3800000,0x00000000c6b16420,0x00000000c8b00000)
 Metaspace       used 5224K, capacity 5634K, committed 5760K, reserved 1056768K
  class space    used 589K, capacity 619K, committed 640K, reserved 1048576K
Event: 1.117 GC heap after
Heap after GC invocations=6 (full 1):
 PSYoungGen      total 61440K, used 2560K [0x00000000ebd80000, 0x00000000f3000000, 0x0000000100000000)
  eden space 58880K, 0% used [0x00000000ebd80000,0x00000000ebd80000,0x00000000ef700000)
  from space 2560K, 100% used [0x00000000efb80000,0x00000000efe00000,0x00000000efe00000)
  to   space 29184K, 0% used [0x00000000f1380000,0x00000000f1380000,0x00000000f3000000)
 ParOldGen       total 84992K, used 76169K [0x00000000c3800000, 0x00000000c8b00000, 0x00000000ebd80000)
  object space 84992K, 89% used [0x00000000c3800000,0x00000000c8262450,0x00000000c8b00000)
 Metaspace       used 5224K, capacity 5634K, committed 5760K, reserved 1056768K
  class space    used 589K, capacity 619K, committed 640K, reserved 1048576K
}
Event: 1.117 GC heap before
{Heap before GC invocations=7 (full 2):
 PSYoungGen      total 61440K, used 2560K [0x00000000ebd80000, 0x00000000f3000000, 0x0000000100000000)
  eden space 58880K, 0% used [0x00000000ebd80000,0x00000000ebd80000,0x00000000ef700000)
  from space 2560K, 100% used [0x00000000efb80000,0x00000000efe00000,0x00000000efe00000)
  to   space 29184K, 0% used [0x00000000f1380000,0x00000000f1380000,0x00000000f3000000)
 ParOldGen       total 84992K, used 76169K [0x00000000c3800000, 0x00000000c8b00000, 0x00000000ebd80000)
  object space 84992K, 89% used [0x00000000c3800000,0x00000000c8262450,0x00000000c8b00000)
 Metaspace       used 5224K, capacity 5634K, committed 5760K, reserved 1056768K
  class space    used 589K, capacity 619K, committed 640K, reserved 1048576K
Event: 1.436 GC heap after
Heap after GC invocations=7 (full 2):
 PSYoungGen      total 61440K, used 0K [0x00000000ebd80000, 0x00000000f3000000, 0x0000000100000000)
  eden space 58880K, 0% used [0x00000000ebd80000,0x00000000ebd80000,0x00000000ef700000)
  from space 2560K, 0% used [0x00000000efb80000,0x00000000efb80000,0x00000000efe00000)
  to   space 29184K, 0% used [0x00000000f1380000,0x00000000f1380000,0x00000000f3000000)
 ParOldGen       total 144896K, used 73775K [0x00000000c3800000, 0x00000000cc580000, 0x00000000ebd80000)
  object space 144896K, 50% used [0x00000000c3800000,0x00000000c800bee8,0x00000000cc580000)
 Metaspace       used 5224K, capacity 5634K, committed 5760K, reserved 1056768K
  class space    used 589K, capacity 619K, committed 640K, reserved 1048576K
}
Event: 1.541 GC heap before
{Heap before GC invocations=8 (full 2):
 PSYoungGen      total 61440K, used 58880K [0x00000000ebd80000, 0x00000000f3000000, 0x0000000100000000)
  eden space 58880K, 100% used [0x00000000ebd80000,0x00000000ef700000,0x00000000ef700000)
  from space 2560K, 0% used [0x00000000efb80000,0x00000000efb80000,0x00000000efe00000)
  to   space 29184K, 0% used [0x00000000f1380000,0x00000000f1380000,0x00000000f3000000)
 ParOldGen       total 144896K, used 73775K [0x00000000c3800000, 0x00000000cc580000, 0x00000000ebd80000)
  object space 144896K, 50% used [0x00000000c3800000,0x00000000c800bee8,0x00000000cc580000)
 Metaspace       used 5224K, capacity 5634K, committed 5760K, reserved 1056768K
  class space    used 589K, capacity 619K, committed 640K, reserved 1048576K
Event: 1.608 GC heap after
Heap after GC invocations=8 (full 2):
 PSYoungGen      total 79872K, used 29152K [0x00000000ebd80000, 0x00000000f5200000, 0x0000000100000000)
  eden space 50688K, 0% used [0x00000000ebd80000,0x00000000ebd80000,0x00000000eef00000)
  from space 29184K, 99% used [0x00000000f1380000,0x00000000f2ff8020,0x00000000f3000000)
  to   space 37376K, 0% used [0x00000000eef00000,0x00000000eef00000,0x00000000f1380000)
 ParOldGen       total 144896K, used 79951K [0x00000000c3800000, 0x00000000cc580000, 0x00000000ebd80000)
  object space 144896K, 55% used [0x00000000c3800000,0x00000000c8613ef8,0x00000000cc580000)
 Metaspace       used 5224K, capacity 5634K, committed 5760K, reserved 1056768K
  class space    used 589K, capacity 619K, committed 640K, reserved 1048576K
}
Event: 1.856 GC heap before
{Heap before GC invocations=9 (full 2):
 PSYoungGen      total 79872K, used 79840K [0x00000000ebd80000, 0x00000000f5200000, 0x0000000100000000)
  eden space 50688K, 100% used [0x00000000ebd80000,0x00000000eef00000,0x00000000eef00000)
  from space 29184K, 99% used [0x00000000f1380000,0x00000000f2ff8020,0x00000000f3000000)
  to   space 37376K, 0% used [0x00000000eef00000,0x00000000eef00000,0x00000000f1380000)
 ParOldGen       total 144896K, used 79951K [0x00000000c3800000, 0x00000000cc580000, 0x00000000ebd80000)
  object space 144896K, 55% used [0x00000000c3800000,0x00000000c8613ef8,0x00000000cc580000)
 Metaspace       used 6166K, capacity 6446K, committed 6656K, reserved 1056768K
  class space    used 678K, capacity 717K, committed 768K, reserved 1048576K
Event: 1.940 GC heap after
Heap after GC invocations=9 (full 2):
 PSYoungGen      total 88064K, used 37358K [0x00000000ebd80000, 0x00000000f6000000, 0x0000000100000000)
  eden space 50688K, 0% used [0x00000000ebd80000,0x00000000ebd80000,0x00000000eef00000)
  from space 37376K, 99% used [0x00000000eef00000,0x00000000f137ba28,0x00000000f1380000)
  to   space 49664K, 0% used [0x00000000f2f80000,0x00000000f2f80000,0x00000000f6000000)
 ParOldGen       total 144896K, used 91246K [0x00000000c3800000, 0x00000000cc580000, 0x00000000ebd80000)
  object space 144896K, 62% used [0x00000000c3800000,0x00000000c911b8f0,0x00000000cc580000)
 Metaspace       used 6166K, capacity 6446K, committed 6656K, reserved 1056768K
  class space    used 678K, capacity 717K, committed 768K, reserved 1048576K
}

